[main] INFO  com.axiom.stepdefs.CommonSteps  - ********************Scenario begins************************
[main] DEBUG org.apache.http.impl.conn.BasicClientConnectionManager  - Get connection for route {}->http://dummy.restapiexample.com:80
[main] DEBUG org.apache.http.impl.conn.DefaultClientConnectionOperator  - Connecting to dummy.restapiexample.com:80
[main] DEBUG org.apache.http.client.protocol.RequestAddCookies  - CookieSpec selected: ignoreCookies
[main] DEBUG org.apache.http.client.protocol.RequestAuthCache  - Auth cache not set in the context
[main] DEBUG org.apache.http.client.protocol.RequestTargetAuthentication  - Target auth state: UNCHALLENGED
[main] DEBUG org.apache.http.client.protocol.RequestProxyAuthentication  - Proxy auth state: UNCHALLENGED
[main] DEBUG org.apache.http.impl.client.DefaultHttpClient  - Attempt 1 to execute request
[main] DEBUG org.apache.http.impl.conn.DefaultClientConnection  - Sending request: GET /api/v1/employees HTTP/1.1
[main] DEBUG org.apache.http.wire  -  >> "GET /api/v1/employees HTTP/1.1[\r][\n]"
[main] DEBUG org.apache.http.wire  -  >> "Accept: */*[\r][\n]"
[main] DEBUG org.apache.http.wire  -  >> "Host: dummy.restapiexample.com[\r][\n]"
[main] DEBUG org.apache.http.wire  -  >> "Connection: Keep-Alive[\r][\n]"
[main] DEBUG org.apache.http.wire  -  >> "User-Agent: Apache-HttpClient/4.5.3 (Java/1.8.0_251)[\r][\n]"
[main] DEBUG org.apache.http.wire  -  >> "Accept-Encoding: gzip,deflate[\r][\n]"
[main] DEBUG org.apache.http.wire  -  >> "[\r][\n]"
[main] DEBUG org.apache.http.headers  - >> GET /api/v1/employees HTTP/1.1
[main] DEBUG org.apache.http.headers  - >> Accept: */*
[main] DEBUG org.apache.http.headers  - >> Host: dummy.restapiexample.com
[main] DEBUG org.apache.http.headers  - >> Connection: Keep-Alive
[main] DEBUG org.apache.http.headers  - >> User-Agent: Apache-HttpClient/4.5.3 (Java/1.8.0_251)
[main] DEBUG org.apache.http.headers  - >> Accept-Encoding: gzip,deflate
[main] DEBUG org.apache.http.wire  -  << "HTTP/1.1 200 OK[\r][\n]"
[main] DEBUG org.apache.http.wire  -  << "Cache-Control: no-cache, private, max-age=31536000[\r][\n]"
[main] DEBUG org.apache.http.wire  -  << "Content-Encoding: gzip[\r][\n]"
[main] DEBUG org.apache.http.wire  -  << "Content-Type: application/json[\r][\n]"
[main] DEBUG org.apache.http.wire  -  << "Date: Sun, 06 Sep 2020 22:28:26 GMT[\r][\n]"
[main] DEBUG org.apache.http.wire  -  << "Display: staticcontent_sol[\r][\n]"
[main] DEBUG org.apache.http.wire  -  << "Expires: Mon, 06 Sep 2021 22:28:25 GMT[\r][\n]"
[main] DEBUG org.apache.http.wire  -  << "Host-Header: c2hhcmVkLmJsdWVob3N0LmNvbQ==[\r][\n]"
[main] DEBUG org.apache.http.wire  -  << "Referrer-Policy: [\r][\n]"
[main] DEBUG org.apache.http.wire  -  << "Response: 200[\r][\n]"
[main] DEBUG org.apache.http.wire  -  << "Server: nginx/1.16.0[\r][\n]"
[main] DEBUG org.apache.http.wire  -  << "Vary: Accept-Encoding[\r][\n]"
[main] DEBUG org.apache.http.wire  -  << "Vary: Accept-Encoding,User-Agent,Origin[\r][\n]"
[main] DEBUG org.apache.http.wire  -  << "X-Ezoic-Cdn: Miss[\r][\n]"
[main] DEBUG org.apache.http.wire  -  << "X-Middleton-Display: staticcontent_sol[\r][\n]"
[main] DEBUG org.apache.http.wire  -  << "X-Middleton-Response: 200[\r][\n]"
[main] DEBUG org.apache.http.wire  -  << "X-Ratelimit-Limit: 60[\r][\n]"
[main] DEBUG org.apache.http.wire  -  << "X-Ratelimit-Remaining: 58[\r][\n]"
[main] DEBUG org.apache.http.wire  -  << "X-Sol: pub_site[\r][\n]"
[main] DEBUG org.apache.http.wire  -  << "Content-Length: 631[\r][\n]"
[main] DEBUG org.apache.http.wire  -  << "[\r][\n]"
[main] DEBUG org.apache.http.impl.conn.DefaultClientConnection  - Receiving response: HTTP/1.1 200 OK
[main] DEBUG org.apache.http.headers  - << HTTP/1.1 200 OK
[main] DEBUG org.apache.http.headers  - << Cache-Control: no-cache, private, max-age=31536000
[main] DEBUG org.apache.http.headers  - << Content-Encoding: gzip
[main] DEBUG org.apache.http.headers  - << Content-Type: application/json
[main] DEBUG org.apache.http.headers  - << Date: Sun, 06 Sep 2020 22:28:26 GMT
[main] DEBUG org.apache.http.headers  - << Display: staticcontent_sol
[main] DEBUG org.apache.http.headers  - << Expires: Mon, 06 Sep 2021 22:28:25 GMT
[main] DEBUG org.apache.http.headers  - << Host-Header: c2hhcmVkLmJsdWVob3N0LmNvbQ==
[main] DEBUG org.apache.http.headers  - << Referrer-Policy: 
[main] DEBUG org.apache.http.headers  - << Response: 200
[main] DEBUG org.apache.http.headers  - << Server: nginx/1.16.0
[main] DEBUG org.apache.http.headers  - << Vary: Accept-Encoding
[main] DEBUG org.apache.http.headers  - << Vary: Accept-Encoding,User-Agent,Origin
[main] DEBUG org.apache.http.headers  - << X-Ezoic-Cdn: Miss
[main] DEBUG org.apache.http.headers  - << X-Middleton-Display: staticcontent_sol
[main] DEBUG org.apache.http.headers  - << X-Middleton-Response: 200
[main] DEBUG org.apache.http.headers  - << X-Ratelimit-Limit: 60
[main] DEBUG org.apache.http.headers  - << X-Ratelimit-Remaining: 58
[main] DEBUG org.apache.http.headers  - << X-Sol: pub_site
[main] DEBUG org.apache.http.headers  - << Content-Length: 631
[main] DEBUG org.apache.http.impl.client.DefaultHttpClient  - Connection can be kept alive indefinitely
[main] DEBUG io.restassured.internal.RequestSpecificationImpl$RestAssuredHttpBuilder  - Parsing response as: application/json
[main] DEBUG org.apache.http.wire  -  << "[0x1f][0x8b][0x8][0x0][0x0][0x0][0x0][0x0][0x0][0xff][0x94][0x96]OO[0x1b]=[0x10][0xc6][0xbf][0x8a]_[0x9f][0xa3]W[0xbb][0xf6][0xfe]Ir#A[0x4][0x95]R[0xb5][0x4][0x15]UU[0x85][0xa6][0xeb][0x81][0xb5][0xea][0xd8]h[0xec][0xa5]l[0x11][0xdf][0xbd][0xa2]\[0x90]<X[0xed]1[0xf1][0xe1][0xa7][0xc7][0xf3][0xcc][0xcf][0xfb](c[0x82]4E[0xb9][0x96]q[0x1a][0x6][0x8c]Q.[0xa4][0x81][0x4]r[0xfd][0xf5]QZ#[0xd7][0xf5]B[0xe2][0xe1][0xce][0x85][0x19][0xf1][0xda][0xc3][0x1][0xe5]Z^[0xda][$[0xf1][0xc1]>[0x4]/_[0x9d]Fp@[0xb3]\kU-[0xab][0xea][0xd5][0x1][0xdc][0xa2]\w[0xf5]B[0xde]Q[0xb8][0xb1][0xe][0xaf][0xed][0xe1][0xcf]_R>-^ *[0x87][0xec][0x80][0x8]S[0x12]W[0xd6]'[0xa4][0xc8][0x81][0xea][0xbe][0xea][0xdb][0x1c][0xa4][0xb] [0x9d][0x83][0x8e][0xe2][0x98][0x82][0x17][0xdb][0xf0][0xc0]1[0x96]][0xc5]d[0xe9][\n]"
[main] DEBUG org.apache.http.wire  -  << "[0x88]&Gl[0xd1][0x90][0x1d][0xc4][0x19]:7s[0x90]F[0xeb][0xaa][0xcb](J[0x15](-[0x13][0xc4][0x92][0x15]{Hab/[0xab]S}[0x9e]D[0x97].[0xab][0xcb][0x19][0x1b][0xb2][0xe8][0x1c][0x8a]+[0xeb][0x9c][0x85]C|[0xa3][0x1][0xbd][0xe2]n[0xad][0xd4][0x80]>g[0x9d]"Q0b;[0x82]7[0xe][0x89][\r][0xa5][0xfb]6[0x7][0xb5][0xab][0x2]h[0x99][0x83].[0xc6][0xe0]A[0x1c][0xc3][0xbd]5o[0x5]R[0xfd][0x8a][0xe1][0xb4][0x5][0xce][0x8a][0xa9]Ap[0xe][0xd1][0x8b][0xd3][0x89]b[0xe2]0[0xaa]j[0x99]8[0xba][0x14][0xa7][0xae]r[0xce]>[0xf8][0x19][0xc4][0x9][0x5][0x9e]RW[0xba][0xcb])[0xaa][0xd4][0x84][0x9a][0xb1][0xc0];[0xf4] v`=[0xb2][0xcb][0xb9][0xaa][0xda][0xbc][0xd2][0xba]*A[0x18][0xb]|[0x9a][0xac][0xf7][0xe2][0xc4][0xcd][0x9e][0x9f]K[0xc3][0x15][0xad][0xb8]85[0xa3][0x80][0xed][0x8]dP[0x9c][0x3][0xc5][0x11][0x9c]cW[0xb4][0xaf][0x98]K[0xd3]%[0x11][0xd4][0x8c][0x9]N[0xc1][0xe1],[0xce][0xd0]{4[0xac][\n]"
[main] DEBUG org.apache.http.wire  -  << "t[0xad][0x99][\n]"
[main] DEBUG org.apache.http.wire  -  << "4[0xc5][0xe1]0.[0xb8][0x84]4[0x83][0x7]qb[0xd3][0xaf];Hd[0x87][0x1f],m[0xd9]2[0x6][0xad][0x8b][0x85]c[0xac]pn[0x87][0x11][0xd0][0x89][0xbd]u[0xf7][0xc0]Vn[0xb5]dR[0x15]5Z3F[0xf8][0x8][0x93][0x13][0x9b][0x99][0xc][0xc7][0xe8]U[0xcb]I[0xa7])1[0x18][0x19][0xec]\ [0xb][0xe2][0xbd]M[0xc9]![0xbb][0xa4][0xff][0xee][0x9c][0x9a][0x91][0xc1][0x86][0xc0]<waG[0xf8][0x96][0xdb][0xb8]n7[0xc5]g[0x94][0x91][0xc1]1Xqa[0x3][0xbb][0xa3][0xaa][0xe6][0xa2][0xe8][0x92][0xd6][0x14]o[0x2]L[0x9][0xc5][0x16][0x9c][0xf9][0x89][0xfc][0xfe][0xe8][0x86][0x9b]N[0xd1][0x7][0x8a][0xf1][0xc1][0x97][0x89][0xac][0xd8] [0x11][0xbb]<][0xcf]A[0x9a]"[0x84][0xd3][0x1]`[0x4][0x12][0x9f][0xc1][0xf]l[0x3][0xea][0xaa]k[0xf2][0xad]Q[0xc5][0xc9]0.8[0xe]d[0xe3][0xf3]Kj[0xf8][0x2],[0xdb][0xbf][0xd6][0xf4][0xb7][0x85]<`[0x8c]/?[0xf7]/[0x1f]r7[0x93]s[0xf3][0xe2][0xc8]9A8[0x4]2Q[0x8c][0x10][0xc5][0xf7][0xe7][0x17][0xe8][0x6][0xd3]0[0xa2][0xf9]_>[0xfd][0xe][0x0][0x0][0xff][0xff]d[0x10]Q[0xa9][0x1][\n]"
[main] DEBUG org.apache.http.wire  -  << "[0x0][0x0]"
[main] DEBUG io.restassured.internal.RequestSpecificationImpl$RestAssuredHttpBuilder  - Parsed data to instance of: class org.apache.http.conn.EofSensorInputStream
[main] DEBUG org.apache.http.impl.conn.BasicClientConnectionManager  - Releasing connection org.apache.http.impl.conn.ManagedClientConnectionImpl@6f70f32f
[main] DEBUG org.apache.http.impl.conn.BasicClientConnectionManager  - Connection can be kept alive indefinitely
[main] INFO  com.axiom.stepdefs.CommonSteps  - Time taken to respond:2354
[main] INFO  com.axiom.stepdefs.CommonSteps  - Response Status code:200
[main] DEBUG freemarker.cache  - Couldn't find template in cache for "v3html/v3-html-index.ftl"("en", UTF-8, parsed); will try to load it.
[main] DEBUG freemarker.cache  - TemplateLoader.findTemplateSource("v3html/v3-html-index_en.ftl"): Not found
[main] DEBUG freemarker.cache  - TemplateLoader.findTemplateSource("v3html/v3-html-index.ftl"): Found
[main] DEBUG freemarker.cache  - Loading template for "v3html/v3-html-index.ftl"("en", UTF-8, parsed) from "jar:file:/C:/Users/Kamesh/.m2/repository/com/aventstack/extentreports/4.0.9/extentreports-4.0.9.jar!/com/aventstack/extentreports/view/v3html/v3-html-index.ftl"
[main] DEBUG freemarker.cache  - Couldn't find template in cache for "v3html/v3-html-head.ftl"("en", UTF-8, parsed); will try to load it.
[main] DEBUG freemarker.cache  - TemplateLoader.findTemplateSource("v3html/v3-html-head_en.ftl"): Not found
[main] DEBUG freemarker.cache  - TemplateLoader.findTemplateSource("v3html/v3-html-head.ftl"): Found
[main] DEBUG freemarker.cache  - Loading template for "v3html/v3-html-head.ftl"("en", UTF-8, parsed) from "jar:file:/C:/Users/Kamesh/.m2/repository/com/aventstack/extentreports/4.0.9/extentreports-4.0.9.jar!/com/aventstack/extentreports/view/v3html/v3-html-head.ftl"
[main] DEBUG freemarker.cache  - Couldn't find template in cache for "v3html/v3-html-nav.ftl"("en", UTF-8, parsed); will try to load it.
[main] DEBUG freemarker.cache  - TemplateLoader.findTemplateSource("v3html/v3-html-nav_en.ftl"): Not found
[main] DEBUG freemarker.cache  - TemplateLoader.findTemplateSource("v3html/v3-html-nav.ftl"): Found
[main] DEBUG freemarker.cache  - Loading template for "v3html/v3-html-nav.ftl"("en", UTF-8, parsed) from "jar:file:/C:/Users/Kamesh/.m2/repository/com/aventstack/extentreports/4.0.9/extentreports-4.0.9.jar!/com/aventstack/extentreports/view/v3html/v3-html-nav.ftl"
[main] DEBUG freemarker.cache  - Couldn't find template in cache for "v3html/test-view/v3-html-test-view.ftl"("en", UTF-8, parsed); will try to load it.
[main] DEBUG freemarker.cache  - TemplateLoader.findTemplateSource("v3html/test-view/v3-html-test-view_en.ftl"): Not found
[main] DEBUG freemarker.cache  - TemplateLoader.findTemplateSource("v3html/test-view/v3-html-test-view.ftl"): Found
[main] DEBUG freemarker.cache  - Loading template for "v3html/test-view/v3-html-test-view.ftl"("en", UTF-8, parsed) from "jar:file:/C:/Users/Kamesh/.m2/repository/com/aventstack/extentreports/4.0.9/extentreports-4.0.9.jar!/com/aventstack/extentreports/view/v3html/test-view/v3-html-test-view.ftl"
[main] DEBUG freemarker.cache  - Couldn't find template in cache for "v3html/test-view/v3-html-test-view-charts.ftl"("en", UTF-8, parsed); will try to load it.
[main] DEBUG freemarker.cache  - TemplateLoader.findTemplateSource("v3html/test-view/v3-html-test-view-charts_en.ftl"): Not found
[main] DEBUG freemarker.cache  - TemplateLoader.findTemplateSource("v3html/test-view/v3-html-test-view-charts.ftl"): Found
[main] DEBUG freemarker.cache  - Loading template for "v3html/test-view/v3-html-test-view-charts.ftl"("en", UTF-8, parsed) from "jar:file:/C:/Users/Kamesh/.m2/repository/com/aventstack/extentreports/4.0.9/extentreports-4.0.9.jar!/com/aventstack/extentreports/view/v3html/test-view/v3-html-test-view-charts.ftl"
[main] DEBUG freemarker.cache  - Couldn't find template in cache for "v3html/test-view/v3-html-bdd.ftl"("en", UTF-8, parsed); will try to load it.
[main] DEBUG freemarker.cache  - TemplateLoader.findTemplateSource("v3html/test-view/v3-html-bdd_en.ftl"): Not found
[main] DEBUG freemarker.cache  - TemplateLoader.findTemplateSource("v3html/test-view/v3-html-bdd.ftl"): Found
[main] DEBUG freemarker.cache  - Loading template for "v3html/test-view/v3-html-bdd.ftl"("en", UTF-8, parsed) from "jar:file:/C:/Users/Kamesh/.m2/repository/com/aventstack/extentreports/4.0.9/extentreports-4.0.9.jar!/com/aventstack/extentreports/view/v3html/test-view/v3-html-bdd.ftl"
[main] DEBUG freemarker.cache  - Couldn't find template in cache for "v3html/category-view/v3-html-category-view.ftl"("en", UTF-8, parsed); will try to load it.
[main] DEBUG freemarker.cache  - TemplateLoader.findTemplateSource("v3html/category-view/v3-html-category-view_en.ftl"): Not found
[main] DEBUG freemarker.cache  - TemplateLoader.findTemplateSource("v3html/category-view/v3-html-category-view.ftl"): Found
[main] DEBUG freemarker.cache  - Loading template for "v3html/category-view/v3-html-category-view.ftl"("en", UTF-8, parsed) from "jar:file:/C:/Users/Kamesh/.m2/repository/com/aventstack/extentreports/4.0.9/extentreports-4.0.9.jar!/com/aventstack/extentreports/view/v3html/category-view/v3-html-category-view.ftl"
[main] DEBUG freemarker.cache  - Couldn't find template in cache for "v3html/exception-view/v3-html-exception-view.ftl"("en", UTF-8, parsed); will try to load it.
[main] DEBUG freemarker.cache  - TemplateLoader.findTemplateSource("v3html/exception-view/v3-html-exception-view_en.ftl"): Not found
[main] DEBUG freemarker.cache  - TemplateLoader.findTemplateSource("v3html/exception-view/v3-html-exception-view.ftl"): Found
[main] DEBUG freemarker.cache  - Loading template for "v3html/exception-view/v3-html-exception-view.ftl"("en", UTF-8, parsed) from "jar:file:/C:/Users/Kamesh/.m2/repository/com/aventstack/extentreports/4.0.9/extentreports-4.0.9.jar!/com/aventstack/extentreports/view/v3html/exception-view/v3-html-exception-view.ftl"
[main] DEBUG freemarker.cache  - Couldn't find template in cache for "v3html/author-view/v3-html-author-view.ftl"("en", UTF-8, parsed); will try to load it.
[main] DEBUG freemarker.cache  - TemplateLoader.findTemplateSource("v3html/author-view/v3-html-author-view_en.ftl"): Not found
[main] DEBUG freemarker.cache  - TemplateLoader.findTemplateSource("v3html/author-view/v3-html-author-view.ftl"): Found
[main] DEBUG freemarker.cache  - Loading template for "v3html/author-view/v3-html-author-view.ftl"("en", UTF-8, parsed) from "jar:file:/C:/Users/Kamesh/.m2/repository/com/aventstack/extentreports/4.0.9/extentreports-4.0.9.jar!/com/aventstack/extentreports/view/v3html/author-view/v3-html-author-view.ftl"
[main] DEBUG freemarker.cache  - Couldn't find template in cache for "v3html/dashboard-view/v3-html-dashboard-view.ftl"("en", UTF-8, parsed); will try to load it.
[main] DEBUG freemarker.cache  - TemplateLoader.findTemplateSource("v3html/dashboard-view/v3-html-dashboard-view_en.ftl"): Not found
[main] DEBUG freemarker.cache  - TemplateLoader.findTemplateSource("v3html/dashboard-view/v3-html-dashboard-view.ftl"): Found
[main] DEBUG freemarker.cache  - Loading template for "v3html/dashboard-view/v3-html-dashboard-view.ftl"("en", UTF-8, parsed) from "jar:file:/C:/Users/Kamesh/.m2/repository/com/aventstack/extentreports/4.0.9/extentreports-4.0.9.jar!/com/aventstack/extentreports/view/v3html/dashboard-view/v3-html-dashboard-view.ftl"
[main] DEBUG freemarker.cache  - Couldn't find template in cache for "v3html/logs-view/v3-html-testrunner-logs-view.ftl"("en", UTF-8, parsed); will try to load it.
[main] DEBUG freemarker.cache  - TemplateLoader.findTemplateSource("v3html/logs-view/v3-html-testrunner-logs-view_en.ftl"): Not found
[main] DEBUG freemarker.cache  - TemplateLoader.findTemplateSource("v3html/logs-view/v3-html-testrunner-logs-view.ftl"): Found
[main] DEBUG freemarker.cache  - Loading template for "v3html/logs-view/v3-html-testrunner-logs-view.ftl"("en", UTF-8, parsed) from "jar:file:/C:/Users/Kamesh/.m2/repository/com/aventstack/extentreports/4.0.9/extentreports-4.0.9.jar!/com/aventstack/extentreports/view/v3html/logs-view/v3-html-testrunner-logs-view.ftl"
[main] INFO  com.axiom.stepdefs.CommonSteps  - ********************Scenario begins************************
[main] INFO  com.axiom.stepdefs.CommonSteps  - Time taken to respond:1474
[main] INFO  com.axiom.stepdefs.CommonSteps  - Response Status code:429
[main] INFO  com.axiom.stepdefs.CommonSteps  - ********************Scenario begins************************
[main] INFO  com.axiom.stepdefs.CommonSteps  - Time taken to respond:1383
[main] INFO  com.axiom.stepdefs.CommonSteps  - Response Status code:429
[main] INFO  com.axiom.stepdefs.CommonSteps  - ********************Scenario begins************************
[main] INFO  com.axiom.stepdefs.CommonSteps  - Time taken to respond:1771
[main] INFO  com.axiom.stepdefs.CommonSteps  - Response Status code:429
[main] INFO  com.axiom.stepdefs.CommonSteps  - ********************Scenario begins************************
[main] INFO  com.axiom.stepdefs.CommonSteps  - Time taken to respond:1951
[main] INFO  com.axiom.stepdefs.CommonSteps  - Response Status code:429
[main] INFO  com.axiom.stepdefs.CommonSteps  - ********************Scenario begins************************
[main] INFO  com.axiom.stepdefs.CommonSteps  - Time taken to respond:1599
[main] INFO  com.axiom.stepdefs.CommonSteps  - Response Status code:200
[main] INFO  com.axiom.stepdefs.CommonSteps  - ********************Scenario begins************************
[main] INFO  com.axiom.stepdefs.CommonSteps  - Time taken to respond:2102
[main] INFO  com.axiom.stepdefs.CommonSteps  - Response Status code:200
[main] INFO  com.axiom.stepdefs.CommonSteps  - ********************Scenario begins************************
[main] INFO  com.axiom.stepdefs.CommonSteps  - Time taken to respond:1511
[main] INFO  com.axiom.stepdefs.CommonSteps  - Response Status code:200
[main] INFO  com.axiom.stepdefs.CommonSteps  - ********************Scenario begins************************
[main] INFO  com.axiom.stepdefs.CommonSteps  - Time taken to respond:1473
[main] INFO  com.axiom.stepdefs.CommonSteps  - Response Status code:200
[main] INFO  com.axiom.stepdefs.CommonSteps  - ********************Scenario begins************************
[main] INFO  com.axiom.stepdefs.CommonSteps  - Time taken to respond:2409
[main] INFO  com.axiom.stepdefs.CommonSteps  - Response Status code:200
[main] INFO  com.axiom.stepdefs.CommonSteps  - ********************Scenario begins************************
[main] INFO  com.axiom.stepdefs.CommonSteps  - ********************Scenario begins************************
[main] INFO  com.axiom.stepdefs.CommonSteps  - Time taken to respond:1984
[main] INFO  com.axiom.stepdefs.CommonSteps  - Response Status code:200
[main] INFO  com.axiom.stepdefs.CommonSteps  - ********************Scenario begins************************
[main] INFO  com.axiom.stepdefs.CommonSteps  - ********************Scenario begins************************
[main] INFO  com.axiom.stepdefs.CommonSteps  - Time taken to respond:2233
[main] INFO  com.axiom.stepdefs.CommonSteps  - Response Status code:429
[main] INFO  com.axiom.stepdefs.CommonSteps  - ********************Scenario begins************************
[main] INFO  com.axiom.stepdefs.CommonSteps  - ********************Scenario begins************************
[main] INFO  com.axiom.stepdefs.CommonSteps  - Time taken to respond:1802
[main] INFO  com.axiom.stepdefs.CommonSteps  - Response Status code:429
[main] INFO  com.axiom.stepdefs.CommonSteps  - ********************Scenario begins************************
[main] INFO  com.axiom.stepdefs.CommonSteps  - Data Loaded successfully
[main] INFO  com.axiom.stepdefs.CommonSteps  - ********************Scenario begins************************
[main] INFO  com.axiom.stepdefs.CommonSteps  - Time taken to respond:2516
[main] INFO  com.axiom.stepdefs.CommonSteps  - Response Status code:429
[main] INFO  com.axiom.stepdefs.CommonSteps  - ********************Scenario begins************************
[main] INFO  com.axiom.stepdefs.CommonSteps  - Data Loaded successfully
[main] INFO  com.axiom.stepdefs.CommonSteps  - ********************Scenario begins************************
[main] INFO  com.axiom.stepdefs.CommonSteps  - Time taken to respond:1676
[main] INFO  com.axiom.stepdefs.CommonSteps  - Response Status code:200
[main] INFO  com.axiom.stepdefs.CommonSteps  - ********************Scenario begins************************
[main] INFO  com.axiom.stepdefs.CommonSteps  - Data Loaded successfully
[main] INFO  com.axiom.stepdefs.CommonSteps  - ********************Scenario begins************************
[main] INFO  com.axiom.stepdefs.CommonSteps  - Time taken to respond:2222
[main] INFO  com.axiom.stepdefs.CommonSteps  - Response Status code:429
[main] INFO  com.axiom.stepdefs.CommonSteps  - ********************Scenario begins************************
[main] INFO  com.axiom.stepdefs.CommonSteps  - Data Loaded successfully
[main] INFO  com.axiom.stepdefs.CommonSteps  - ********************Scenario begins************************
[main] INFO  com.axiom.stepdefs.CommonSteps  - Time taken to respond:2693
[main] INFO  com.axiom.stepdefs.CommonSteps  - Response Status code:200
[main] INFO  com.axiom.stepdefs.CommonSteps  - ********************Scenario begins************************
[main] INFO  com.axiom.stepdefs.CommonSteps  - Data Loaded successfully
[main] INFO  com.axiom.stepdefs.CommonSteps  - ********************Scenario begins************************
[main] INFO  com.axiom.stepdefs.CommonSteps  - Time taken to respond:2396
[main] INFO  com.axiom.stepdefs.CommonSteps  - Response Status code:200
[main] INFO  com.axiom.stepdefs.CommonSteps  - ********************Scenario begins************************
[main] INFO  com.axiom.stepdefs.CommonSteps  - Data Loaded successfully
[main] INFO  com.axiom.stepdefs.CommonSteps  - ********************Scenario begins************************
[main] INFO  com.axiom.stepdefs.CommonSteps  - Time taken to respond:2095
[main] INFO  com.axiom.stepdefs.CommonSteps  - Response Status code:200
[main] INFO  com.axiom.stepdefs.CommonSteps  - ********************Scenario begins************************
[main] INFO  com.axiom.stepdefs.CommonSteps  - Data Loaded successfully
[main] INFO  com.axiom.stepdefs.CommonSteps  - ********************Scenario begins************************
[main] INFO  com.axiom.stepdefs.CommonSteps  - Time taken to respond:2155
[main] INFO  com.axiom.stepdefs.CommonSteps  - Response Status code:429
[main] INFO  com.axiom.stepdefs.CommonSteps  - ********************Scenario begins************************
[main] INFO  com.axiom.stepdefs.CommonSteps  - Data Loaded successfully
[main] INFO  com.axiom.stepdefs.CommonSteps  - Time taken to respond:1206
[main] INFO  com.axiom.stepdefs.CommonSteps  - Response Status code:200
[main] INFO  com.axiom.stepdefs.CommonSteps  - ********************Scenario begins************************
[main] INFO  com.axiom.stepdefs.CommonSteps  - Time taken to respond:2212
[main] INFO  com.axiom.stepdefs.CommonSteps  - Response Status code:200
[main] INFO  com.axiom.stepdefs.CommonSteps  - ********************Scenario begins************************
[main] INFO  com.axiom.stepdefs.CommonSteps  - Data Loaded successfully
[main] INFO  com.axiom.stepdefs.CommonSteps  - Time taken to respond:1473
[main] INFO  com.axiom.stepdefs.CommonSteps  - Response Status code:200
[main] INFO  com.axiom.stepdefs.CommonSteps  - ********************Scenario begins************************
[main] INFO  com.axiom.stepdefs.CommonSteps  - Time taken to respond:2240
[main] INFO  com.axiom.stepdefs.CommonSteps  - Response Status code:429
[main] INFO  com.axiom.stepdefs.CommonSteps  - ********************Scenario begins************************
[main] INFO  com.axiom.stepdefs.CommonSteps  - Data Loaded successfully
[main] INFO  com.axiom.stepdefs.CommonSteps  - ********************Scenario begins************************
[main] INFO  com.axiom.stepdefs.CommonSteps  - Time taken to respond:1632
[main] INFO  com.axiom.stepdefs.CommonSteps  - Response Status code:200
[main] INFO  com.axiom.stepdefs.CommonSteps  - ********************Scenario begins************************
[main] INFO  com.axiom.stepdefs.CommonSteps  - Data Loaded successfully
[main] INFO  com.axiom.stepdefs.CommonSteps  - ********************Scenario begins************************
[main] INFO  com.axiom.stepdefs.CommonSteps  - Time taken to respond:1988
[main] INFO  com.axiom.stepdefs.CommonSteps  - Response Status code:429
[main] INFO  com.axiom.stepdefs.CommonSteps  - ********************Scenario begins************************
[main] INFO  com.axiom.stepdefs.CommonSteps  - Data Loaded successfully
[main] INFO  com.axiom.stepdefs.CommonSteps  - Request Specs on setting path parameters:io.restassured.internal.RequestSpecificationImpl@38499e48
[main] INFO  com.axiom.stepdefs.CommonSteps  - Time taken to respond:1093
[main] INFO  com.axiom.stepdefs.CommonSteps  - Response Status code:404
[main] INFO  com.axiom.stepdefs.CommonSteps  - ********************Scenario begins************************
[main] INFO  com.axiom.stepdefs.CommonSteps  - Time taken to respond:1526
[main] INFO  com.axiom.stepdefs.CommonSteps  - Response Status code:429
[main] INFO  com.axiom.stepdefs.CommonSteps  - ********************Scenario begins************************
[main] INFO  com.axiom.stepdefs.CommonSteps  - Data Loaded successfully
[main] INFO  com.axiom.stepdefs.CommonSteps  - Request Specs on setting path parameters:io.restassured.internal.RequestSpecificationImpl@4a699efa
[main] INFO  com.axiom.stepdefs.CommonSteps  - Time taken to respond:1159
[main] INFO  com.axiom.stepdefs.CommonSteps  - Response Status code:404
[main] INFO  com.axiom.stepdefs.CommonSteps  - ********************Scenario begins************************
[main] INFO  com.axiom.stepdefs.CommonSteps  - Time taken to respond:1565
[main] INFO  com.axiom.stepdefs.CommonSteps  - Response Status code:429
[main] INFO  com.axiom.stepdefs.CommonSteps  - ********************Scenario begins************************
[main] INFO  com.axiom.stepdefs.CommonSteps  - Data Loaded successfully
[main] INFO  com.axiom.stepdefs.CommonSteps  - Request Specs on setting path parameters:io.restassured.internal.RequestSpecificationImpl@4a699efa
[main] INFO  com.axiom.stepdefs.CommonSteps  - Time taken to respond:1153
[main] INFO  com.axiom.stepdefs.CommonSteps  - Response Status code:404
[main] INFO  com.axiom.stepdefs.CommonSteps  - ********************Scenario begins************************
[main] INFO  com.axiom.stepdefs.CommonSteps  - Time taken to respond:1590
[main] INFO  com.axiom.stepdefs.CommonSteps  - Response Status code:429
[main] INFO  com.axiom.stepdefs.CommonSteps  - ********************Scenario begins************************
[main] INFO  com.axiom.stepdefs.CommonSteps  - Data Loaded successfully
[main] INFO  com.axiom.stepdefs.CommonSteps  - Request Specs on setting path parameters:io.restassured.internal.RequestSpecificationImpl@38499e48
[main] INFO  com.axiom.stepdefs.CommonSteps  - Time taken to respond:1300
[main] INFO  com.axiom.stepdefs.CommonSteps  - Response Status code:404
[main] INFO  com.axiom.stepdefs.CommonSteps  - ********************Scenario begins************************
[main] INFO  com.axiom.stepdefs.CommonSteps  - Time taken to respond:1590
[main] INFO  com.axiom.stepdefs.CommonSteps  - Response Status code:429
[main] INFO  com.axiom.stepdefs.CommonSteps  - ********************Scenario begins************************
[main] INFO  com.axiom.stepdefs.CommonSteps  - Data Loaded successfully
[main] INFO  com.axiom.stepdefs.CommonSteps  - Request Specs on setting path parameters:io.restassured.internal.RequestSpecificationImpl@4a699efa
[main] INFO  com.axiom.stepdefs.CommonSteps  - Time taken to respond:1274
[main] INFO  com.axiom.stepdefs.CommonSteps  - Response Status code:404
[main] INFO  com.axiom.stepdefs.CommonSteps  - ********************Scenario begins************************
[main] INFO  com.axiom.stepdefs.CommonSteps  - Time taken to respond:2608
[main] INFO  com.axiom.stepdefs.CommonSteps  - Response Status code:200
[main] INFO  com.axiom.stepdefs.CommonSteps  - ********************Scenario begins************************
[main] INFO  com.axiom.stepdefs.CommonSteps  - Data Loaded successfully
[main] INFO  com.axiom.stepdefs.CommonSteps  - Request Specs on setting path parameters:io.restassured.internal.RequestSpecificationImpl@f339eae
[main] INFO  com.axiom.stepdefs.CommonSteps  - Time taken to respond:1410
[main] INFO  com.axiom.stepdefs.CommonSteps  - Response Status code:404
[main] INFO  com.axiom.stepdefs.CommonSteps  - ********************Scenario begins************************
[main] INFO  com.axiom.stepdefs.CommonSteps  - Time taken to respond:2395
[main] INFO  com.axiom.stepdefs.CommonSteps  - Response Status code:200
[main] INFO  com.axiom.stepdefs.CommonSteps  - ********************Scenario begins************************
[main] INFO  com.axiom.stepdefs.CommonSteps  - Data Loaded successfully
[main] INFO  com.axiom.stepdefs.CommonSteps  - Request Specs on setting path parameters:io.restassured.internal.RequestSpecificationImpl@f339eae
[main] INFO  com.axiom.stepdefs.CommonSteps  - Time taken to respond:1795
[main] INFO  com.axiom.stepdefs.CommonSteps  - Response Status code:200
[main] INFO  com.axiom.stepdefs.CommonSteps  - ********************Scenario begins************************
[main] INFO  com.axiom.stepdefs.CommonSteps  - Time taken to respond:3662
[main] INFO  com.axiom.stepdefs.CommonSteps  - Response Status code:200
[main] INFO  com.axiom.stepdefs.CommonSteps  - ********************Scenario begins************************
[main] INFO  com.axiom.stepdefs.CommonSteps  - Data Loaded successfully
[main] INFO  com.axiom.stepdefs.CommonSteps  - Request Specs on setting path parameters:io.restassured.internal.RequestSpecificationImpl@f339eae
[main] INFO  com.axiom.stepdefs.CommonSteps  - Time taken to respond:1870
[main] INFO  com.axiom.stepdefs.CommonSteps  - Response Status code:429
[main] INFO  com.axiom.stepdefs.CommonSteps  - ********************Scenario begins************************
[main] INFO  com.axiom.stepdefs.CommonSteps  - Time taken to respond:2437
[main] INFO  com.axiom.stepdefs.CommonSteps  - Response Status code:429
[main] INFO  com.axiom.stepdefs.CommonSteps  - ********************Scenario begins************************
[main] INFO  com.axiom.stepdefs.CommonSteps  - Data Loaded successfully
[main] INFO  com.axiom.stepdefs.CommonSteps  - Request Specs on setting path parameters:io.restassured.internal.RequestSpecificationImpl@4a699efa
[main] INFO  com.axiom.stepdefs.CommonSteps  - Time taken to respond:3505
[main] INFO  com.axiom.stepdefs.CommonSteps  - Response Status code:429
[main] INFO  com.axiom.stepdefs.CommonSteps  - ********************Scenario begins************************
[main] INFO  com.axiom.stepdefs.CommonSteps  - Time taken to respond:2166
[main] INFO  com.axiom.stepdefs.CommonSteps  - Response Status code:200
[main] INFO  com.axiom.stepdefs.CommonSteps  - ********************Scenario begins************************
[main] INFO  com.axiom.stepdefs.CommonSteps  - Data Loaded successfully
[main] INFO  com.axiom.stepdefs.CommonSteps  - Request Specs on setting path parameters:io.restassured.internal.RequestSpecificationImpl@f339eae
[main] INFO  com.axiom.stepdefs.CommonSteps  - Time taken to respond:2645
[main] INFO  com.axiom.stepdefs.CommonSteps  - Response Status code:429
[main] INFO  com.axiom.stepdefs.CommonSteps  - ********************Scenario begins************************
[main] INFO  com.axiom.stepdefs.CommonSteps  - Time taken to respond:1537
[main] INFO  com.axiom.stepdefs.CommonSteps  - Response Status code:429
[main] INFO  com.axiom.stepdefs.CommonSteps  - ********************Scenario begins************************
[main] INFO  com.axiom.stepdefs.CommonSteps  - Data Loaded successfully
[main] INFO  com.axiom.stepdefs.CommonSteps  - Request Specs on setting path parameters:io.restassured.internal.RequestSpecificationImpl@38499e48
[main] INFO  com.axiom.stepdefs.CommonSteps  - Time taken to respond:1184
[main] INFO  com.axiom.stepdefs.CommonSteps  - Response Status code:200
[main] INFO  com.axiom.stepdefs.CommonSteps  - ********************Scenario begins************************
[main] INFO  com.axiom.stepdefs.CommonSteps  - Time taken to respond:4649
[main] INFO  com.axiom.stepdefs.CommonSteps  - Response Status code:200
[main] INFO  com.axiom.stepdefs.CommonSteps  - ********************Scenario begins************************
[main] INFO  com.axiom.stepdefs.CommonSteps  - Data Loaded successfully
[main] INFO  com.axiom.stepdefs.CommonSteps  - Request Specs on setting path parameters:io.restassured.internal.RequestSpecificationImpl@f339eae
[main] INFO  com.axiom.stepdefs.CommonSteps  - Time taken to respond:2494
[main] INFO  com.axiom.stepdefs.CommonSteps  - Response Status code:429
[main] INFO  com.axiom.stepdefs.CommonSteps  - ********************Scenario begins************************
[main] INFO  com.axiom.stepdefs.CommonSteps  - Time taken to respond:2525
[main] INFO  com.axiom.stepdefs.CommonSteps  - Response Status code:200
[main] INFO  com.axiom.stepdefs.CommonSteps  - ********************Scenario begins************************
[main] INFO  com.axiom.stepdefs.CommonSteps  - Data Loaded successfully
[main] INFO  com.axiom.stepdefs.CommonSteps  - Request Specs on setting path parameters:io.restassured.internal.RequestSpecificationImpl@f339eae
[main] INFO  com.axiom.stepdefs.CommonSteps  - Time taken to respond:1392
[main] INFO  com.axiom.stepdefs.CommonSteps  - Response Status code:200
[main] INFO  com.axiom.stepdefs.CommonSteps  - ********************Scenario begins************************
[main] INFO  com.axiom.stepdefs.CommonSteps  - Time taken to respond:2137
[main] INFO  com.axiom.stepdefs.CommonSteps  - Response Status code:200
[main] INFO  com.axiom.stepdefs.CommonSteps  - ********************Scenario begins************************
[main] INFO  com.axiom.stepdefs.CommonSteps  - Data Loaded successfully
[main] INFO  com.axiom.stepdefs.CommonSteps  - Request Specs on setting path parameters:io.restassured.internal.RequestSpecificationImpl@f339eae
[main] INFO  com.axiom.stepdefs.CommonSteps  - Time taken to respond:1403
[main] INFO  com.axiom.stepdefs.CommonSteps  - Response Status code:429
[main] INFO  com.axiom.stepdefs.CommonSteps  - ********************Scenario begins************************
[main] INFO  com.axiom.stepdefs.CommonSteps  - Time taken to respond:1419
[main] INFO  com.axiom.stepdefs.CommonSteps  - Response Status code:200
[main] INFO  com.axiom.stepdefs.CommonSteps  - ********************Scenario begins************************
[main] INFO  com.axiom.stepdefs.CommonSteps  - Data Loaded successfully
[main] INFO  com.axiom.stepdefs.CommonSteps  - Request Specs on setting path parameters:io.restassured.internal.RequestSpecificationImpl@f339eae
[main] INFO  com.axiom.stepdefs.CommonSteps  - Time taken to respond:1055
[main] INFO  com.axiom.stepdefs.CommonSteps  - Response Status code:429
[main] INFO  com.axiom.stepdefs.CommonSteps  - ********************Scenario begins************************
[main] INFO  com.axiom.stepdefs.CommonSteps  - Time taken to respond:1640
[main] INFO  com.axiom.stepdefs.CommonSteps  - Response Status code:200
[main] INFO  com.axiom.stepdefs.CommonSteps  - ********************Scenario begins************************
[main] INFO  com.axiom.stepdefs.CommonSteps  - Data Loaded successfully
[main] INFO  com.axiom.stepdefs.CommonSteps  - Request Specs on setting path parameters:io.restassured.internal.RequestSpecificationImpl@f339eae
[main] INFO  com.axiom.stepdefs.CommonSteps  - Time taken to respond:1197
[main] INFO  com.axiom.stepdefs.CommonSteps  - Response Status code:200
[main] INFO  com.axiom.stepdefs.CommonSteps  - ********************Scenario begins************************
[main] INFO  com.axiom.stepdefs.CommonSteps  - Time taken to respond:1548
[main] INFO  com.axiom.stepdefs.CommonSteps  - Response Status code:200
[main] INFO  com.axiom.stepdefs.CommonSteps  - ********************Scenario begins************************
[main] INFO  com.axiom.stepdefs.CommonSteps  - Data Loaded successfully
[main] INFO  com.axiom.stepdefs.CommonSteps  - Request Specs on setting path parameters:io.restassured.internal.RequestSpecificationImpl@f339eae
[main] INFO  com.axiom.stepdefs.CommonSteps  - Time taken to respond:1076
[main] INFO  com.axiom.stepdefs.CommonSteps  - Response Status code:200
[main] INFO  com.kamesh.stepdefs.CommonSteps  - ********************Scenario begins************************
[main] INFO  com.kamesh.stepdefs.CommonSteps  - Time taken to respond:2032
[main] INFO  com.kamesh.stepdefs.CommonSteps  - Response Status code:429
[main] INFO  com.kamesh.stepdefs.CommonSteps  - ********************Scenario begins************************
[main] INFO  com.kamesh.stepdefs.CommonSteps  - Data Loaded successfully
[main] INFO  com.kamesh.stepdefs.CommonSteps  - Request Specs on setting path parameters:io.restassured.internal.RequestSpecificationImpl@38499e48
[main] INFO  com.kamesh.stepdefs.CommonSteps  - Time taken to respond:1263
[main] INFO  com.kamesh.stepdefs.CommonSteps  - Response Status code:200
[main] INFO  com.kamesh.stepdefs.CommonSteps  - ********************Scenario begins************************
[main] INFO  com.kamesh.stepdefs.CommonSteps  - Time taken to respond:2521
[main] INFO  com.kamesh.stepdefs.CommonSteps  - Response Status code:200
[main] INFO  com.kamesh.stepdefs.CommonSteps  - ********************Scenario begins************************
[main] INFO  com.kamesh.stepdefs.CommonSteps  - Data Loaded successfully
[main] INFO  com.kamesh.stepdefs.CommonSteps  - Request Specs on setting path parameters:io.restassured.internal.RequestSpecificationImpl@f339eae
[main] INFO  com.kamesh.stepdefs.CommonSteps  - Time taken to respond:1137
[main] INFO  com.kamesh.stepdefs.CommonSteps  - Response Status code:429
[main] INFO  com.kamesh.stepdefs.CommonSteps  - ********************Scenario begins************************
[main] INFO  com.kamesh.stepdefs.CommonSteps  - Time taken to respond:1448
[main] INFO  com.kamesh.stepdefs.CommonSteps  - Response Status code:429
[main] INFO  com.kamesh.stepdefs.CommonSteps  - ********************Scenario begins************************
[main] INFO  com.kamesh.stepdefs.CommonSteps  - Data Loaded successfully
[main] INFO  com.kamesh.stepdefs.CommonSteps  - Request Specs on setting path parameters:io.restassured.internal.RequestSpecificationImpl@38499e48
[main] INFO  com.kamesh.stepdefs.CommonSteps  - Time taken to respond:1262
[main] INFO  com.kamesh.stepdefs.CommonSteps  - Response Status code:200
[main] INFO  com.kamesh.stepdefs.CommonSteps  - ********************Scenario begins************************
[main] INFO  com.kamesh.stepdefs.CommonSteps  - Time taken to respond:1517
[main] INFO  com.kamesh.stepdefs.CommonSteps  - Response Status code:429
[main] INFO  com.kamesh.stepdefs.CommonSteps  - ********************Scenario begins************************
[main] INFO  com.kamesh.stepdefs.CommonSteps  - Data Loaded successfully
[main] INFO  com.kamesh.stepdefs.CommonSteps  - Request Specs on setting path parameters:io.restassured.internal.RequestSpecificationImpl@38499e48
[main] INFO  com.kamesh.stepdefs.CommonSteps  - Time taken to respond:1282
[main] INFO  com.kamesh.stepdefs.CommonSteps  - Response Status code:429
[main] INFO  com.kamesh.stepdefs.CommonSteps  - ********************Scenario begins************************
[main] INFO  com.kamesh.stepdefs.CommonSteps  - Time taken to respond:2025
[main] INFO  com.kamesh.stepdefs.CommonSteps  - Response Status code:429
[main] INFO  com.kamesh.stepdefs.CommonSteps  - ********************Scenario begins************************
[main] INFO  com.kamesh.stepdefs.CommonSteps  - Data Loaded successfully
[main] INFO  com.kamesh.stepdefs.CommonSteps  - Request Specs on setting path parameters:io.restassured.internal.RequestSpecificationImpl@4a699efa
[main] INFO  com.kamesh.stepdefs.CommonSteps  - Time taken to respond:1158
[main] INFO  com.kamesh.stepdefs.CommonSteps  - Response Status code:200
[main] INFO  com.kamesh.stepdefs.CommonSteps  - ********************Scenario begins************************
[main] INFO  com.kamesh.stepdefs.CommonSteps  - Time taken to respond:1755
[main] INFO  com.kamesh.stepdefs.CommonSteps  - Response Status code:429
[main] INFO  com.kamesh.stepdefs.CommonSteps  - ********************Scenario begins************************
[main] INFO  com.kamesh.stepdefs.CommonSteps  - Data Loaded successfully
[main] INFO  com.kamesh.stepdefs.CommonSteps  - Request Specs on setting path parameters:io.restassured.internal.RequestSpecificationImpl@4a699efa
[main] INFO  com.kamesh.stepdefs.CommonSteps  - Time taken to respond:1498
[main] INFO  com.kamesh.stepdefs.CommonSteps  - Response Status code:429
[main] INFO  com.kamesh.stepdefs.CommonSteps  - ********************Scenario begins************************
[main] INFO  com.kamesh.stepdefs.CommonSteps  - Time taken to respond:2347
[main] INFO  com.kamesh.stepdefs.CommonSteps  - Response Status code:200
[main] INFO  com.kamesh.stepdefs.CommonSteps  - ********************Scenario begins************************
[main] INFO  com.kamesh.stepdefs.CommonSteps  - Data Loaded successfully
[main] INFO  com.kamesh.stepdefs.CommonSteps  - Request Specs on setting path parameters:io.restassured.internal.RequestSpecificationImpl@f339eae
[main] INFO  com.kamesh.stepdefs.CommonSteps  - Time taken to respond:1465
[main] INFO  com.kamesh.stepdefs.CommonSteps  - Response Status code:200
[main] INFO  com.kamesh.stepdefs.CommonSteps  - ********************Scenario begins************************
[main] INFO  com.kamesh.stepdefs.CommonSteps  - Time taken to respond:1997
[main] INFO  com.kamesh.stepdefs.CommonSteps  - Response Status code:200
[main] INFO  com.kamesh.stepdefs.CommonSteps  - ********************Scenario begins************************
[main] INFO  com.kamesh.stepdefs.CommonSteps  - Data Loaded successfully
[main] INFO  com.kamesh.stepdefs.CommonSteps  - Request Specs on setting path parameters:io.restassured.internal.RequestSpecificationImpl@dca2615
[main] INFO  com.kamesh.stepdefs.CommonSteps  - Time taken to respond:1271
[main] INFO  com.kamesh.stepdefs.CommonSteps  - Response Status code:200
